2021-12-08 10:31:21.817  INFO [user-service,,] 21268 --- [restartedMain] c.c.c.ConfigServicePropertySourceLocator : Fetching config from server at : http://localhost:8012
2021-12-08 10:31:22.444  INFO [user-service,,] 21268 --- [restartedMain] c.c.c.ConfigServicePropertySourceLocator : Located environment: name=user-service, profiles=[default], label=null, version=212712ce7c9471979db14aa309abf7e20a13a761, state=null
2021-12-08 10:31:22.444  INFO [user-service,,] 21268 --- [restartedMain] b.c.PropertySourceBootstrapConfiguration : Located property source: [BootstrapPropertySource {name='bootstrapProperties-configClient'}, BootstrapPropertySource {name='bootstrapProperties-https://github.com/norulshahlam/spring-boot-microservices3-properties/file:C:\Users\NORUL\AppData\Local\Temp\config-repo-5775409675387927837\user-service.properties'}, BootstrapPropertySource {name='bootstrapProperties-https://github.com/norulshahlam/spring-boot-microservices3-properties/file:C:\Users\NORUL\AppData\Local\Temp\config-repo-5775409675387927837\application.properties'}]
2021-12-08 10:31:22.451  INFO [user-service,,] 21268 --- [restartedMain] shah.userservice.UserServiceApplication  : No active profile set, falling back to default profiles: default
2021-12-08 10:31:22.623  INFO [user-service,,] 21268 --- [restartedMain] .s.d.r.c.RepositoryConfigurationDelegate : Bootstrapping Spring Data JPA repositories in DEFAULT mode.
2021-12-08 10:31:22.630  INFO [user-service,,] 21268 --- [restartedMain] .s.d.r.c.RepositoryConfigurationDelegate : Finished Spring Data repository scanning in 6 ms. Found 1 JPA repository interfaces.
2021-12-08 10:31:22.719  INFO [user-service,,] 21268 --- [restartedMain] o.s.cloud.context.scope.GenericScope     : BeanFactory id=f6718443-6bad-39ac-abc0-1e2b40e89420
2021-12-08 10:31:22.726  INFO [user-service,,] 21268 --- [restartedMain] faultConfiguringBeanFactoryPostProcessor : No bean named 'errorChannel' has been explicitly defined. Therefore, a default PublishSubscribeChannel will be created.
2021-12-08 10:31:22.727  INFO [user-service,,] 21268 --- [restartedMain] faultConfiguringBeanFactoryPostProcessor : No bean named 'integrationHeaderChannelRegistry' has been explicitly defined. Therefore, a default DefaultHeaderChannelRegistry will be created.
2021-12-08 10:31:22.748  INFO [user-service,,] 21268 --- [restartedMain] trationDelegate$BeanPostProcessorChecker : Bean 'org.springframework.integration.config.IntegrationManagementConfiguration' of type [org.springframework.integration.config.IntegrationManagementConfiguration] is not eligible for getting processed by all BeanPostProcessors (for example: not eligible for auto-proxying)
2021-12-08 10:31:22.751  INFO [user-service,,] 21268 --- [restartedMain] trationDelegate$BeanPostProcessorChecker : Bean 'org.springframework.boot.autoconfigure.integration.IntegrationAutoConfiguration$IntegrationJmxConfiguration' of type [org.springframework.boot.autoconfigure.integration.IntegrationAutoConfiguration$IntegrationJmxConfiguration] is not eligible for getting processed by all BeanPostProcessors (for example: not eligible for auto-proxying)
2021-12-08 10:31:22.752  INFO [user-service,,] 21268 --- [restartedMain] trationDelegate$BeanPostProcessorChecker : Bean 'org.springframework.boot.autoconfigure.jmx.JmxAutoConfiguration' of type [org.springframework.boot.autoconfigure.jmx.JmxAutoConfiguration] is not eligible for getting processed by all BeanPostProcessors (for example: not eligible for auto-proxying)
2021-12-08 10:31:22.753  INFO [user-service,,] 21268 --- [restartedMain] trationDelegate$BeanPostProcessorChecker : Bean 'mbeanServer' of type [com.sun.jmx.mbeanserver.JmxMBeanServer] is not eligible for getting processed by all BeanPostProcessors (for example: not eligible for auto-proxying)
2021-12-08 10:31:22.765  INFO [user-service,,] 21268 --- [restartedMain] trationDelegate$BeanPostProcessorChecker : Bean 'integrationChannelResolver' of type [org.springframework.integration.support.channel.BeanFactoryChannelResolver] is not eligible for getting processed by all BeanPostProcessors (for example: not eligible for auto-proxying)
2021-12-08 10:31:22.766  INFO [user-service,,] 21268 --- [restartedMain] trationDelegate$BeanPostProcessorChecker : Bean 'integrationDisposableAutoCreatedBeans' of type [org.springframework.integration.config.annotation.Disposables] is not eligible for getting processed by all BeanPostProcessors (for example: not eligible for auto-proxying)
2021-12-08 10:31:22.857  INFO [user-service,,] 21268 --- [restartedMain] o.s.b.w.embedded.tomcat.TomcatWebServer  : Tomcat initialized with port(s): 0 (http)
2021-12-08 10:31:22.857  INFO [user-service,,] 21268 --- [restartedMain] o.apache.catalina.core.StandardService   : Starting service [Tomcat]
2021-12-08 10:31:22.857  INFO [user-service,,] 21268 --- [restartedMain] org.apache.catalina.core.StandardEngine  : Starting Servlet engine: [Apache Tomcat/9.0.54]
2021-12-08 10:31:22.884  INFO [user-service,,] 21268 --- [restartedMain] o.a.c.c.C.[Tomcat-1].[localhost].[/]     : Initializing Spring embedded WebApplicationContext
2021-12-08 10:31:22.884  INFO [user-service,,] 21268 --- [restartedMain] w.s.c.ServletWebServerApplicationContext : Root WebApplicationContext: initialization completed in 431 ms
2021-12-08 10:31:23.016  INFO [user-service,,] 21268 --- [restartedMain] com.zaxxer.hikari.HikariDataSource       : HikariPool-6 - Starting...
2021-12-08 10:31:23.026  INFO [user-service,,] 21268 --- [restartedMain] com.zaxxer.hikari.HikariDataSource       : HikariPool-6 - Start completed.
2021-12-08 10:31:23.056  INFO [user-service,,] 21268 --- [restartedMain] o.hibernate.jpa.internal.util.LogHelper  : HHH000204: Processing PersistenceUnitInfo [name: default]
2021-12-08 10:31:23.060  INFO [user-service,,] 21268 --- [restartedMain] org.hibernate.dialect.Dialect            : HHH000400: Using dialect: org.hibernate.dialect.MySQL8Dialect
2021-12-08 10:31:23.076  INFO [user-service,,] 21268 --- [restartedMain] o.h.e.t.j.p.i.JtaPlatformInitiator       : HHH000490: Using JtaPlatform implementation: [org.hibernate.engine.transaction.jta.platform.internal.NoJtaPlatform]
2021-12-08 10:31:23.076  INFO [user-service,,] 21268 --- [restartedMain] j.LocalContainerEntityManagerFactoryBean : Initialized JPA EntityManagerFactory for persistence unit 'default'
2021-12-08 10:31:23.236  WARN [user-service,,] 21268 --- [restartedMain] JpaBaseConfiguration$JpaWebConfiguration : spring.jpa.open-in-view is enabled by default. Therefore, database queries may be performed during view rendering. Explicitly configure spring.jpa.open-in-view to disable this warning
2021-12-08 10:31:23.275  WARN [user-service,,] 21268 --- [restartedMain] o.s.b.d.a.OptionalLiveReloadServer       : Unable to start LiveReload server
2021-12-08 10:31:23.324  INFO [user-service,,] 21268 --- [restartedMain] o.s.c.openfeign.FeignClientFactoryBean   : For 'account-service' URL not provided. Will try picking an instance via load-balancing.
2021-12-08 10:31:23.342  WARN [user-service,,] 21268 --- [restartedMain] c.n.c.sources.URLConfigurationSource     : No URLs will be polled as dynamic configuration sources.
2021-12-08 10:31:23.342  INFO [user-service,,] 21268 --- [restartedMain] c.n.c.sources.URLConfigurationSource     : To enable URLs as dynamic configuration sources, define System property archaius.configurationSource.additionalUrls or make config.properties available on classpath.
2021-12-08 10:31:23.814  INFO [user-service,,] 21268 --- [restartedMain] DiscoveryClientOptionalArgsConfiguration : Eureka HTTP Client uses RestTemplate.
2021-12-08 10:31:23.997  WARN [user-service,,] 21268 --- [restartedMain] iguration$LoadBalancerCaffeineWarnLogger : Spring Cloud LoadBalancer is currently working with the default cache. You can switch to using Caffeine cache, by adding it and org.springframework.cache.caffeine.CaffeineCacheManager to the classpath.
2021-12-08 10:31:24.048  INFO [user-service,,] 21268 --- [restartedMain] o.s.c.s.m.DirectWithAttributesChannel    : Channel 'application-1.springCloudBusInput' has 1 subscriber(s).
2021-12-08 10:31:24.112  INFO [user-service,,] 21268 --- [restartedMain] o.s.i.monitor.IntegrationMBeanExporter   : Registering MessageChannel errorChannel
2021-12-08 10:31:24.113  INFO [user-service,,] 21268 --- [restartedMain] o.s.i.monitor.IntegrationMBeanExporter   : Registering MessageChannel springCloudBusInput
2021-12-08 10:31:24.114  INFO [user-service,,] 21268 --- [restartedMain] o.s.i.monitor.IntegrationMBeanExporter   : Registering MessageChannel nullChannel
2021-12-08 10:31:24.117  INFO [user-service,,] 21268 --- [restartedMain] o.s.i.monitor.IntegrationMBeanExporter   : Registering MessageHandler _org.springframework.integration.errorLogger
2021-12-08 10:31:24.124  INFO [user-service,,] 21268 --- [restartedMain] o.s.i.endpoint.EventDrivenConsumer       : Adding {logging-channel-adapter:_org.springframework.integration.errorLogger} as a subscriber to the 'errorChannel' channel
2021-12-08 10:31:24.124  INFO [user-service,,] 21268 --- [restartedMain] o.s.i.channel.PublishSubscribeChannel    : Channel 'application-1.errorChannel' has 1 subscriber(s).
2021-12-08 10:31:24.124  INFO [user-service,,] 21268 --- [restartedMain] o.s.i.endpoint.EventDrivenConsumer       : started bean '_org.springframework.integration.errorLogger'
2021-12-08 10:31:24.127  INFO [user-service,,] 21268 --- [restartedMain] o.s.c.s.binder.DefaultBinderFactory      : Creating binder: rabbit
2021-12-08 10:31:24.139  INFO [user-service,,] 21268 --- [restartedMain] o.s.c.s.binder.DefaultBinderFactory      : Caching the binder: rabbit
2021-12-08 10:31:24.139  INFO [user-service,,] 21268 --- [restartedMain] o.s.c.s.binder.DefaultBinderFactory      : Retrieving cached binder: rabbit
2021-12-08 10:31:24.144  INFO [user-service,,] 21268 --- [restartedMain] c.s.b.r.p.RabbitExchangeQueueProvisioner : declaring queue for inbound: springCloudBus.anonymous.0TZsjAqXQ9S-rWdretSS3A, bound to: springCloudBus
2021-12-08 10:31:24.144  INFO [user-service,,] 21268 --- [restartedMain] o.s.a.r.c.CachingConnectionFactory       : Attempting to connect to: [localhost:5672]
2021-12-08 10:31:24.148  INFO [user-service,,] 21268 --- [restartedMain] o.s.a.r.c.CachingConnectionFactory       : Created new connection: rabbitConnectionFactory#5408b678:0/SimpleConnection@6a701eed [delegate=amqp://guest@127.0.0.1:5672/, localPort= 65237]
2021-12-08 10:31:24.153  INFO [user-service,,] 21268 --- [restartedMain] o.s.c.stream.binder.BinderErrorChannel   : Channel 'springCloudBus.anonymous.0TZsjAqXQ9S-rWdretSS3A.errors' has 1 subscriber(s).
2021-12-08 10:31:24.153  INFO [user-service,,] 21268 --- [restartedMain] o.s.c.stream.binder.BinderErrorChannel   : Channel 'springCloudBus.anonymous.0TZsjAqXQ9S-rWdretSS3A.errors' has 2 subscriber(s).
2021-12-08 10:31:24.155  INFO [user-service,,] 21268 --- [restartedMain] o.s.i.a.i.AmqpInboundChannelAdapter      : started bean 'inbound.springCloudBus.anonymous.0TZsjAqXQ9S-rWdretSS3A'
2021-12-08 10:31:24.157  INFO [user-service,,] 21268 --- [restartedMain] o.s.b.w.embedded.tomcat.TomcatWebServer  : Tomcat started on port(s): 65238 (http) with context path ''
2021-12-08 10:31:24.157  INFO [user-service,,] 21268 --- [restartedMain] .s.c.n.e.s.EurekaAutoServiceRegistration : Updating port to 65238
2021-12-08 10:31:24.158  INFO [user-service,,] 21268 --- [restartedMain] o.s.c.n.eureka.InstanceInfoFactory       : Setting initial instance status as: STARTING
2021-12-08 10:31:24.171  INFO [user-service,,] 21268 --- [restartedMain] com.netflix.discovery.DiscoveryClient    : Initializing Eureka in region us-east-1
2021-12-08 10:31:24.171  INFO [user-service,,] 21268 --- [restartedMain] c.n.d.s.r.aws.ConfigClusterResolver      : Resolving eureka endpoints via configuration
2021-12-08 10:31:24.175  INFO [user-service,,] 21268 --- [restartedMain] com.netflix.discovery.DiscoveryClient    : Disable delta property : false
2021-12-08 10:31:24.175  INFO [user-service,,] 21268 --- [restartedMain] com.netflix.discovery.DiscoveryClient    : Single vip registry refresh property : null
2021-12-08 10:31:24.175  INFO [user-service,,] 21268 --- [restartedMain] com.netflix.discovery.DiscoveryClient    : Force full registry fetch : false
2021-12-08 10:31:24.175  INFO [user-service,,] 21268 --- [restartedMain] com.netflix.discovery.DiscoveryClient    : Application is null : false
2021-12-08 10:31:24.175  INFO [user-service,,] 21268 --- [restartedMain] com.netflix.discovery.DiscoveryClient    : Registered Applications size is zero : true
2021-12-08 10:31:24.175  INFO [user-service,,] 21268 --- [restartedMain] com.netflix.discovery.DiscoveryClient    : Application version is -1: true
2021-12-08 10:31:24.175  INFO [user-service,,] 21268 --- [restartedMain] com.netflix.discovery.DiscoveryClient    : Getting all instance registry info from the eureka server
2021-12-08 10:31:24.183  INFO [user-service,,] 21268 --- [restartedMain] com.netflix.discovery.DiscoveryClient    : The response status is 200
2021-12-08 10:31:24.185  INFO [user-service,,] 21268 --- [restartedMain] com.netflix.discovery.DiscoveryClient    : Starting heartbeat executor: renew interval is: 30
2021-12-08 10:31:24.188  INFO [user-service,,] 21268 --- [restartedMain] c.n.discovery.InstanceInfoReplicator     : InstanceInfoReplicator onDemand update allowed rate per min is 4
2021-12-08 10:31:24.193  INFO [user-service,,] 21268 --- [restartedMain] com.netflix.discovery.DiscoveryClient    : Discovery Client initialized at timestamp 1638930684193 with initial instances count: 3
2021-12-08 10:31:24.198  INFO [user-service,,] 21268 --- [restartedMain] o.s.c.n.e.s.EurekaServiceRegistry        : Registering application USER-SERVICE with eureka with status UP
2021-12-08 10:31:24.198  INFO [user-service,,] 21268 --- [restartedMain] com.netflix.discovery.DiscoveryClient    : Saw local status change event StatusChangeEvent [timestamp=1638930684198, current=UP, previous=STARTING]
2021-12-08 10:31:24.198  INFO [user-service,,] 21268 --- [DiscoveryClient-InstanceInfoReplicator-0] com.netflix.discovery.DiscoveryClient    : DiscoveryClient_USER-SERVICE/user-service:dafff8eff7da50ae5c3ecca2c88d0b25: registering service...
2021-12-08 10:31:24.206  INFO [user-service,,] 21268 --- [DiscoveryClient-InstanceInfoReplicator-0] com.netflix.discovery.DiscoveryClient    : DiscoveryClient_USER-SERVICE/user-service:dafff8eff7da50ae5c3ecca2c88d0b25 - registration status: 204
2021-12-08 10:31:24.272  INFO [user-service,,] 21268 --- [restartedMain] shah.userservice.UserServiceApplication  : Started UserServiceApplication in 2.629 seconds (JVM running for 2152.828)
2021-12-08 10:31:24.274  INFO [user-service,,] 21268 --- [restartedMain] .ConditionEvaluationDeltaLoggingListener : Condition evaluation unchanged
2021-12-08 10:36:24.183  INFO [user-service,,] 21268 --- [AsyncResolver-bootstrap-executor-0] c.n.d.s.r.aws.ConfigClusterResolver      : Resolving eureka endpoints via configuration
2021-12-08 10:41:24.195  INFO [user-service,,] 21268 --- [AsyncResolver-bootstrap-executor-0] c.n.d.s.r.aws.ConfigClusterResolver      : Resolving eureka endpoints via configuration
2021-12-08 10:45:20.586  INFO [user-service,,] 21268 --- [http-nio-auto-6-exec-1] o.a.c.c.C.[Tomcat-1].[localhost].[/]     : Initializing Spring DispatcherServlet 'dispatcherServlet'
2021-12-08 10:45:20.587  INFO [user-service,,] 21268 --- [http-nio-auto-6-exec-1] o.s.web.servlet.DispatcherServlet        : Initializing Servlet 'dispatcherServlet'
2021-12-08 10:45:20.588  INFO [user-service,,] 21268 --- [http-nio-auto-6-exec-1] o.s.web.servlet.DispatcherServlet        : Completed initialization in 1 ms
2021-12-08 10:45:20.589  INFO [user-service,2958db545336c261,2958db545336c261] 21268 --- [http-nio-auto-6-exec-1] shah.userservice.service.UserService     : 1
2021-12-08 10:45:20.589 DEBUG [user-service,2958db545336c261,7308be914e7092c8] 21268 --- [hystrix-HystrixCircuitBreakerFactory-8] shah.userservice.dto.AccountFeignClient  : [AccountFeignClient#getAccounts] ---> GET http://account-service/account/get-account/1 HTTP/1.1
2021-12-08 10:45:20.590 DEBUG [user-service,2958db545336c261,7308be914e7092c8] 21268 --- [hystrix-HystrixCircuitBreakerFactory-8] shah.userservice.dto.AccountFeignClient  : [AccountFeignClient#getAccounts] ---> END HTTP (0-byte body)
2021-12-08 10:45:20.609 DEBUG [user-service,2958db545336c261,7308be914e7092c8] 21268 --- [hystrix-HystrixCircuitBreakerFactory-8] shah.userservice.dto.AccountFeignClient  : [AccountFeignClient#getAccounts] <--- HTTP/1.1 200 (18ms)
2021-12-08 10:45:20.609 DEBUG [user-service,2958db545336c261,7308be914e7092c8] 21268 --- [hystrix-HystrixCircuitBreakerFactory-8] shah.userservice.dto.AccountFeignClient  : [AccountFeignClient#getAccounts] connection: keep-alive
2021-12-08 10:45:20.609 DEBUG [user-service,2958db545336c261,7308be914e7092c8] 21268 --- [hystrix-HystrixCircuitBreakerFactory-8] shah.userservice.dto.AccountFeignClient  : [AccountFeignClient#getAccounts] content-type: application/json
2021-12-08 10:45:20.609 DEBUG [user-service,2958db545336c261,7308be914e7092c8] 21268 --- [hystrix-HystrixCircuitBreakerFactory-8] shah.userservice.dto.AccountFeignClient  : [AccountFeignClient#getAccounts] date: Wed, 08 Dec 2021 02:45:20 GMT
2021-12-08 10:45:20.609 DEBUG [user-service,2958db545336c261,7308be914e7092c8] 21268 --- [hystrix-HystrixCircuitBreakerFactory-8] shah.userservice.dto.AccountFeignClient  : [AccountFeignClient#getAccounts] keep-alive: timeout=60
2021-12-08 10:45:20.609 DEBUG [user-service,2958db545336c261,7308be914e7092c8] 21268 --- [hystrix-HystrixCircuitBreakerFactory-8] shah.userservice.dto.AccountFeignClient  : [AccountFeignClient#getAccounts] transfer-encoding: chunked
2021-12-08 10:45:20.609 DEBUG [user-service,2958db545336c261,7308be914e7092c8] 21268 --- [hystrix-HystrixCircuitBreakerFactory-8] shah.userservice.dto.AccountFeignClient  : [AccountFeignClient#getAccounts] 
2021-12-08 10:45:20.609 DEBUG [user-service,2958db545336c261,7308be914e7092c8] 21268 --- [hystrix-HystrixCircuitBreakerFactory-8] shah.userservice.dto.AccountFeignClient  : [AccountFeignClient#getAccounts] [{"accountType":"Current Account","balance":9932.2,"accountNumber":"WAUHF78P37A465174","userId":1},{"accountType":"Savings Account","balance":6214.22,"accountNumber":"ZFBCFADH9FZ699671","userId":1}]
2021-12-08 10:45:20.609 DEBUG [user-service,2958db545336c261,7308be914e7092c8] 21268 --- [hystrix-HystrixCircuitBreakerFactory-8] shah.userservice.dto.AccountFeignClient  : [AccountFeignClient#getAccounts] <--- END HTTP (198-byte body)
2021-12-08 10:45:20.610  INFO [user-service,2958db545336c261,2958db545336c261] 21268 --- [http-nio-auto-6-exec-1] shah.userservice.service.UserService     : 2
2021-12-08 10:46:24.200  INFO [user-service,,] 21268 --- [AsyncResolver-bootstrap-executor-0] c.n.d.s.r.aws.ConfigClusterResolver      : Resolving eureka endpoints via configuration
2021-12-08 10:51:24.200  INFO [user-service,,] 21268 --- [AsyncResolver-bootstrap-executor-0] c.n.d.s.r.aws.ConfigClusterResolver      : Resolving eureka endpoints via configuration
2021-12-08 10:56:24.210  INFO [user-service,,] 21268 --- [AsyncResolver-bootstrap-executor-0] c.n.d.s.r.aws.ConfigClusterResolver      : Resolving eureka endpoints via configuration
2021-12-08 11:01:24.213  INFO [user-service,,] 21268 --- [AsyncResolver-bootstrap-executor-0] c.n.d.s.r.aws.ConfigClusterResolver      : Resolving eureka endpoints via configuration
2021-12-08 11:06:24.220  INFO [user-service,,] 21268 --- [AsyncResolver-bootstrap-executor-0] c.n.d.s.r.aws.ConfigClusterResolver      : Resolving eureka endpoints via configuration
2021-12-08 11:11:24.229  INFO [user-service,,] 21268 --- [AsyncResolver-bootstrap-executor-0] c.n.d.s.r.aws.ConfigClusterResolver      : Resolving eureka endpoints via configuration
2021-12-08 11:16:24.241  INFO [user-service,,] 21268 --- [AsyncResolver-bootstrap-executor-0] c.n.d.s.r.aws.ConfigClusterResolver      : Resolving eureka endpoints via configuration
2021-12-08 11:21:24.256  INFO [user-service,,] 21268 --- [AsyncResolver-bootstrap-executor-0] c.n.d.s.r.aws.ConfigClusterResolver      : Resolving eureka endpoints via configuration
2021-12-08 11:26:24.268  INFO [user-service,,] 21268 --- [AsyncResolver-bootstrap-executor-0] c.n.d.s.r.aws.ConfigClusterResolver      : Resolving eureka endpoints via configuration
2021-12-08 11:31:24.272  INFO [user-service,,] 21268 --- [AsyncResolver-bootstrap-executor-0] c.n.d.s.r.aws.ConfigClusterResolver      : Resolving eureka endpoints via configuration
2021-12-08 11:36:24.278  INFO [user-service,,] 21268 --- [AsyncResolver-bootstrap-executor-0] c.n.d.s.r.aws.ConfigClusterResolver      : Resolving eureka endpoints via configuration
2021-12-08 11:41:24.282  INFO [user-service,,] 21268 --- [AsyncResolver-bootstrap-executor-0] c.n.d.s.r.aws.ConfigClusterResolver      : Resolving eureka endpoints via configuration
2021-12-08 11:46:24.288  INFO [user-service,,] 21268 --- [AsyncResolver-bootstrap-executor-0] c.n.d.s.r.aws.ConfigClusterResolver      : Resolving eureka endpoints via configuration
2021-12-08 11:51:24.290  INFO [user-service,,] 21268 --- [AsyncResolver-bootstrap-executor-0] c.n.d.s.r.aws.ConfigClusterResolver      : Resolving eureka endpoints via configuration
2021-12-08 11:56:24.305  INFO [user-service,,] 21268 --- [AsyncResolver-bootstrap-executor-0] c.n.d.s.r.aws.ConfigClusterResolver      : Resolving eureka endpoints via configuration
2021-12-08 12:01:24.309  INFO [user-service,,] 21268 --- [AsyncResolver-bootstrap-executor-0] c.n.d.s.r.aws.ConfigClusterResolver      : Resolving eureka endpoints via configuration
2021-12-08 12:06:24.312  INFO [user-service,,] 21268 --- [AsyncResolver-bootstrap-executor-0] c.n.d.s.r.aws.ConfigClusterResolver      : Resolving eureka endpoints via configuration
2021-12-08 12:11:24.321  INFO [user-service,,] 21268 --- [AsyncResolver-bootstrap-executor-0] c.n.d.s.r.aws.ConfigClusterResolver      : Resolving eureka endpoints via configuration
2021-12-08 12:16:24.334  INFO [user-service,,] 21268 --- [AsyncResolver-bootstrap-executor-0] c.n.d.s.r.aws.ConfigClusterResolver      : Resolving eureka endpoints via configuration
2021-12-08 12:21:24.341  INFO [user-service,,] 21268 --- [AsyncResolver-bootstrap-executor-0] c.n.d.s.r.aws.ConfigClusterResolver      : Resolving eureka endpoints via configuration
